# JRE version: OpenJDK Runtime Environment Temurin-17.0.18+8 (17.0.18+8) (build 17.0.18+8)
# Java VM: OpenJDK 64-Bit Server VM Temurin-17.0.18+8 (17.0.18+8, mixed mode, emulated-client, sharing, tiered, compressed oops, compressed class ptrs, g1 gc, windows-amd64)
GC Precious Log:
 CPUs: 12 total, 12 available
 Memory: 7521M
 Large Page Support: Disabled
 NUMA Support: Disabled
 Compressed Oops: Enabled (32-bit)
 Heap Region Size: 1M
 Heap Min Capacity: 8M
 Heap Initial Capacity: 118M
 Heap Max Capacity: 1882M
 Pre-touch: Disabled
 Parallel Workers: 10
 Concurrent Workers: 3
 Concurrent Refinement Workers: 10
 Periodic GC: Disabled
Heap:
 garbage-first heap   total 86016K, used 56313K [0x000000008a600000, 0x0000000100000000)
  region size 1024K, 30 young (30720K), 2 survivors (2048K)
 Metaspace       used 39237K, committed 39680K, reserved 1114112K
  class space    used 5521K, committed 5760K, reserved 1048576K
GC Heap History (18 events):
Event: 0.876 GC heap before
{Heap before GC invocations=0 (full 0):
 garbage-first heap   total 120832K, used 25600K [0x000000008a600000, 0x0000000100000000)
  region size 1024K, 23 young (23552K), 0 survivors (0K)
 Metaspace       used 6720K, committed 6912K, reserved 1114112K
  class space    used 849K, committed 896K, reserved 1048576K
}
Event: 0.884 GC heap after
{Heap after GC invocations=1 (full 0):
 garbage-first heap   total 120832K, used 7694K [0x000000008a600000, 0x0000000100000000)
  region size 1024K, 3 young (3072K), 3 survivors (3072K)
 Metaspace       used 6720K, committed 6912K, reserved 1114112K
  class space    used 849K, committed 896K, reserved 1048576K
}
Event: 1.200 GC heap before
{Heap before GC invocations=1 (full 0):
 garbage-first heap   total 120832K, used 33294K [0x000000008a600000, 0x0000000100000000)
  region size 1024K, 28 young (28672K), 3 survivors (3072K)
 Metaspace       used 9996K, committed 10240K, reserved 1114112K
  class space    used 1323K, committed 1472K, reserved 1048576K
}
Event: 1.204 GC heap after
{Heap after GC invocations=2 (full 0):
 garbage-first heap   total 120832K, used 9577K [0x000000008a600000, 0x0000000100000000)
  region size 1024K, 2 young (2048K), 2 survivors (2048K)
 Metaspace       used 9996K, committed 10240K, reserved 1114112K
  class space    used 1323K, committed 1472K, reserved 1048576K
}
Event: 3.721 GC heap before
{Heap before GC invocations=2 (full 0):
 garbage-first heap   total 120832K, used 71017K [0x000000008a600000, 0x0000000100000000)
  region size 1024K, 63 young (64512K), 2 survivors (2048K)
 Metaspace       used 21226K, committed 21504K, reserved 1114112K
  class space    used 2848K, committed 3008K, reserved 1048576K
}
Event: 3.726 GC heap after
{Heap after GC invocations=3 (full 0):
 garbage-first heap   total 120832K, used 13609K [0x000000008a600000, 0x0000000100000000)
  region size 1024K, 6 young (6144K), 6 survivors (6144K)
 Metaspace       used 21226K, committed 21504K, reserved 1114112K
  class space    used 2848K, committed 3008K, reserved 1048576K
}
Event: 4.043 GC heap before
{Heap before GC invocations=4 (full 0):
 garbage-first heap   total 55296K, used 43305K [0x000000008a600000, 0x0000000100000000)
  region size 1024K, 35 young (35840K), 6 survivors (6144K)
 Metaspace       used 22750K, committed 23040K, reserved 1114112K
  class space    used 3045K, committed 3200K, reserved 1048576K
}
Event: 4.048 GC heap after
{Heap after GC invocations=5 (full 0):
 garbage-first heap   total 55296K, used 15946K [0x000000008a600000, 0x0000000100000000)
  region size 1024K, 3 young (3072K), 3 survivors (3072K)
 Metaspace       used 22750K, committed 23040K, reserved 1114112K
  class space    used 3045K, committed 3200K, reserved 1048576K
}
Event: 4.057 GC heap before
{Heap before GC invocations=5 (full 0):
 garbage-first heap   total 55296K, used 16970K [0x000000008a600000, 0x0000000100000000)
  region size 1024K, 4 young (4096K), 3 survivors (3072K)
 Metaspace       used 22796K, committed 23104K, reserved 1114112K
  class space    used 3052K, committed 3200K, reserved 1048576K
}
Event: 4.059 GC heap after
{Heap after GC invocations=6 (full 0):
 garbage-first heap   total 55296K, used 16163K [0x000000008a600000, 0x0000000100000000)
  region size 1024K, 1 young (1024K), 1 survivors (1024K)
 Metaspace       used 22796K, committed 23104K, reserved 1114112K
  class space    used 3052K, committed 3200K, reserved 1048576K
}
Event: 4.252 GC heap before
{Heap before GC invocations=6 (full 0):
 garbage-first heap   total 55296K, used 35619K [0x000000008a600000, 0x0000000100000000)
  region size 1024K, 21 young (21504K), 1 survivors (1024K)
 Metaspace       used 24313K, committed 24640K, reserved 1114112K
  class space    used 3264K, committed 3456K, reserved 1048576K
}
Event: 4.254 GC heap after
{Heap after GC invocations=7 (full 0):
 garbage-first heap   total 86016K, used 17100K [0x000000008a600000, 0x0000000100000000)
  region size 1024K, 2 young (2048K), 2 survivors (2048K)
 Metaspace       used 24313K, committed 24640K, reserved 1114112K
  class space    used 3264K, committed 3456K, reserved 1048576K
}
Event: 4.761 GC heap before
{Heap before GC invocations=7 (full 0):
 garbage-first heap   total 86016K, used 62156K [0x000000008a600000, 0x0000000100000000)
  region size 1024K, 46 young (47104K), 2 survivors (2048K)
 Metaspace       used 28699K, committed 29184K, reserved 1114112K
  class space    used 4005K, committed 4224K, reserved 1048576K
}
Event: 4.764 GC heap after
{Heap after GC invocations=8 (full 0):
 garbage-first heap   total 86016K, used 20309K [0x000000008a600000, 0x0000000100000000)
  region size 1024K, 5 young (5120K), 5 survivors (5120K)
 Metaspace       used 28699K, committed 29184K, reserved 1114112K
  class space    used 4005K, committed 4224K, reserved 1048576K
}
Event: 5.135 GC heap before
{Heap before GC invocations=8 (full 0):
 garbage-first heap   total 86016K, used 69461K [0x000000008a600000, 0x0000000100000000)
  region size 1024K, 47 young (48128K), 5 survivors (5120K)
 Metaspace       used 33194K, committed 33664K, reserved 1114112K
  class space    used 4512K, committed 4736K, reserved 1048576K
}
Event: 5.143 GC heap after
{Heap after GC invocations=9 (full 0):
 garbage-first heap   total 86016K, used 26358K [0x000000008a600000, 0x0000000100000000)
  region size 1024K, 6 young (6144K), 6 survivors (6144K)
 Metaspace       used 33194K, committed 33664K, reserved 1114112K
  class space    used 4512K, committed 4736K, reserved 1048576K
}
Event: 5.412 GC heap before
{Heap before GC invocations=9 (full 0):
 garbage-first heap   total 86016K, used 44790K [0x000000008a600000, 0x0000000100000000)
  region size 1024K, 25 young (25600K), 6 survivors (6144K)
 Metaspace       used 35540K, committed 35968K, reserved 1114112K
  class space    used 4891K, committed 5120K, reserved 1048576K
}
Event: 5.415 GC heap after
{Heap after GC invocations=10 (full 0):
 garbage-first heap   total 86016K, used 28665K [0x000000008a600000, 0x0000000100000000)
  region size 1024K, 2 young (2048K), 2 survivors (2048K)
 Metaspace       used 35540K, committed 35968K, reserved 1114112K
  class space    used 4891K, committed 5120K, reserved 1048576K
}

