# JRE version: OpenJDK Runtime Environment Temurin-17.0.18+8 (17.0.18+8) (build 17.0.18+8)
# Java VM: OpenJDK 64-Bit Server VM Temurin-17.0.18+8 (17.0.18+8, mixed mode, emulated-client, sharing, tiered, compressed oops, compressed class ptrs, g1 gc, windows-amd64)
GC Precious Log:
 CPUs: 12 total, 12 available
 Memory: 7521M
 Large Page Support: Disabled
 NUMA Support: Disabled
 Compressed Oops: Enabled (32-bit)
 Heap Region Size: 1M
 Heap Min Capacity: 8M
 Heap Initial Capacity: 118M
 Heap Max Capacity: 1882M
 Pre-touch: Disabled
 Parallel Workers: 10
 Concurrent Workers: 3
 Concurrent Refinement Workers: 10
 Periodic GC: Disabled
Heap:
 garbage-first heap   total 75776K, used 47072K [0x000000008a600000, 0x0000000100000000)
  region size 1024K, 19 young (19456K), 2 survivors (2048K)
 Metaspace       used 47551K, committed 48000K, reserved 1114112K
  class space    used 6703K, committed 6912K, reserved 1048576K
GC Heap History (20 events):
Event: 1.271 GC heap before
{Heap before GC invocations=1 (full 0):
 garbage-first heap   total 120832K, used 35456K [0x000000008a600000, 0x0000000100000000)
  region size 1024K, 26 young (26624K), 3 survivors (3072K)
 Metaspace       used 9336K, committed 9536K, reserved 1114112K
  class space    used 1240K, committed 1344K, reserved 1048576K
}
Event: 1.274 GC heap after
{Heap after GC invocations=2 (full 0):
 garbage-first heap   total 120832K, used 12427K [0x000000008a600000, 0x0000000100000000)
  region size 1024K, 2 young (2048K), 2 survivors (2048K)
 Metaspace       used 9336K, committed 9536K, reserved 1114112K
  class space    used 1240K, committed 1344K, reserved 1048576K
}
Event: 2.381 GC heap before
{Heap before GC invocations=2 (full 0):
 garbage-first heap   total 120832K, used 57483K [0x000000008a600000, 0x0000000100000000)
  region size 1024K, 47 young (48128K), 2 survivors (2048K)
 Metaspace       used 17383K, committed 17664K, reserved 1114112K
  class space    used 2446K, committed 2560K, reserved 1048576K
}
Event: 2.385 GC heap after
{Heap after GC invocations=3 (full 0):
 garbage-first heap   total 120832K, used 15234K [0x000000008a600000, 0x0000000100000000)
  region size 1024K, 4 young (4096K), 4 survivors (4096K)
 Metaspace       used 17383K, committed 17664K, reserved 1114112K
  class space    used 2446K, committed 2560K, reserved 1048576K
}
Event: 2.528 GC heap before
{Heap before GC invocations=3 (full 0):
 garbage-first heap   total 120832K, used 39810K [0x000000008a600000, 0x0000000100000000)
  region size 1024K, 29 young (29696K), 4 survivors (4096K)
 Metaspace       used 21214K, committed 21504K, reserved 1114112K
  class space    used 2868K, committed 3008K, reserved 1048576K
}
Event: 2.531 GC heap after
{Heap after GC invocations=4 (full 0):
 garbage-first heap   total 120832K, used 17232K [0x000000008a600000, 0x0000000100000000)
  region size 1024K, 6 young (6144K), 6 survivors (6144K)
 Metaspace       used 21214K, committed 21504K, reserved 1114112K
  class space    used 2868K, committed 3008K, reserved 1048576K
}
Event: 2.795 GC heap before
{Heap before GC invocations=5 (full 0):
 garbage-first heap   total 61440K, used 48976K [0x000000008a600000, 0x0000000100000000)
  region size 1024K, 38 young (38912K), 6 survivors (6144K)
 Metaspace       used 23347K, committed 23744K, reserved 1114112K
  class space    used 3221K, committed 3392K, reserved 1048576K
}
Event: 2.799 GC heap after
{Heap after GC invocations=6 (full 0):
 garbage-first heap   total 61440K, used 19797K [0x000000008a600000, 0x0000000100000000)
  region size 1024K, 5 young (5120K), 5 survivors (5120K)
 Metaspace       used 23347K, committed 23744K, reserved 1114112K
  class space    used 3221K, committed 3392K, reserved 1048576K
}
Event: 3.042 GC heap before
{Heap before GC invocations=6 (full 0):
 garbage-first heap   total 61440K, used 41301K [0x000000008a600000, 0x0000000100000000)
  region size 1024K, 27 young (27648K), 5 survivors (5120K)
 Metaspace       used 25563K, committed 25920K, reserved 1114112K
  class space    used 3515K, committed 3648K, reserved 1048576K
}
Event: 3.045 GC heap after
{Heap after GC invocations=7 (full 0):
 garbage-first heap   total 61440K, used 21041K [0x000000008a600000, 0x0000000100000000)
  region size 1024K, 2 young (2048K), 2 survivors (2048K)
 Metaspace       used 25563K, committed 25920K, reserved 1114112K
  class space    used 3515K, committed 3648K, reserved 1048576K
}
Event: 3.347 GC heap before
{Heap before GC invocations=7 (full 0):
 garbage-first heap   total 61440K, used 44593K [0x000000008a600000, 0x0000000100000000)
  region size 1024K, 25 young (25600K), 2 survivors (2048K)
 Metaspace       used 28296K, committed 28608K, reserved 1114112K
  class space    used 4032K, committed 4160K, reserved 1048576K
}
Event: 3.349 GC heap after
{Heap after GC invocations=8 (full 0):
 garbage-first heap   total 75776K, used 21879K [0x000000008a600000, 0x0000000100000000)
  region size 1024K, 3 young (3072K), 3 survivors (3072K)
 Metaspace       used 28296K, committed 28608K, reserved 1114112K
  class space    used 4032K, committed 4160K, reserved 1048576K
}
Event: 3.821 GC heap before
{Heap before GC invocations=8 (full 0):
 garbage-first heap   total 75776K, used 56695K [0x000000008a600000, 0x0000000100000000)
  region size 1024K, 37 young (37888K), 3 survivors (3072K)
 Metaspace       used 33094K, committed 33472K, reserved 1114112K
  class space    used 4751K, committed 4928K, reserved 1048576K
}
Event: 3.824 GC heap after
{Heap after GC invocations=9 (full 0):
 garbage-first heap   total 75776K, used 24725K [0x000000008a600000, 0x0000000100000000)
  region size 1024K, 5 young (5120K), 5 survivors (5120K)
 Metaspace       used 33094K, committed 33472K, reserved 1114112K
  class space    used 4751K, committed 4928K, reserved 1048576K
}
Event: 4.088 GC heap before
{Heap before GC invocations=9 (full 0):
 garbage-first heap   total 75776K, used 62613K [0x000000008a600000, 0x0000000100000000)
  region size 1024K, 36 young (36864K), 5 survivors (5120K)
 Metaspace       used 35193K, committed 35648K, reserved 1114112K
  class space    used 4992K, committed 5248K, reserved 1048576K
}
Event: 4.094 GC heap after
{Heap after GC invocations=10 (full 0):
 garbage-first heap   total 75776K, used 28934K [0x000000008a600000, 0x0000000100000000)
  region size 1024K, 5 young (5120K), 5 survivors (5120K)
 Metaspace       used 35193K, committed 35648K, reserved 1114112K
  class space    used 4992K, committed 5248K, reserved 1048576K
}
Event: 4.155 GC heap before
{Heap before GC invocations=10 (full 0):
 garbage-first heap   total 75776K, used 35078K [0x000000008a600000, 0x0000000100000000)
  region size 1024K, 12 young (12288K), 5 survivors (5120K)
 Metaspace       used 35668K, committed 36096K, reserved 1114112K
  class space    used 5073K, committed 5312K, reserved 1048576K
}
Event: 4.157 GC heap after
{Heap after GC invocations=11 (full 0):
 garbage-first heap   total 75776K, used 29450K [0x000000008a600000, 0x0000000100000000)
  region size 1024K, 1 young (1024K), 1 survivors (1024K)
 Metaspace       used 35668K, committed 36096K, reserved 1114112K
  class space    used 5073K, committed 5312K, reserved 1048576K
}
Event: 4.949 GC heap before
{Heap before GC invocations=12 (full 0):
 garbage-first heap   total 75776K, used 59146K [0x000000008a600000, 0x0000000100000000)
  region size 1024K, 30 young (30720K), 1 survivors (1024K)
 Metaspace       used 42065K, committed 42496K, reserved 1114112K
  class space    used 6010K, committed 6208K, reserved 1048576K
}
Event: 4.951 GC heap after
{Heap after GC invocations=13 (full 0):
 garbage-first heap   total 75776K, used 30688K [0x000000008a600000, 0x0000000100000000)
  region size 1024K, 2 young (2048K), 2 survivors (2048K)
 Metaspace       used 42065K, committed 42496K, reserved 1114112K
  class space    used 6010K, committed 6208K, reserved 1048576K
}

