# JRE version: OpenJDK Runtime Environment Temurin-17.0.18+8 (17.0.18+8) (build 17.0.18+8)
# Java VM: OpenJDK 64-Bit Server VM Temurin-17.0.18+8 (17.0.18+8, mixed mode, emulated-client, sharing, tiered, compressed oops, compressed class ptrs, g1 gc, windows-amd64)
GC Precious Log:
 CPUs: 12 total, 12 available
 Memory: 7521M
 Large Page Support: Disabled
 NUMA Support: Disabled
 Compressed Oops: Enabled (32-bit)
 Heap Region Size: 1M
 Heap Min Capacity: 8M
 Heap Initial Capacity: 118M
 Heap Max Capacity: 1882M
 Pre-touch: Disabled
 Parallel Workers: 10
 Concurrent Workers: 3
 Concurrent Refinement Workers: 10
 Periodic GC: Disabled
Heap:
 garbage-first heap   total 101376K, used 58977K [0x000000008a600000, 0x0000000100000000)
  region size 1024K, 2 young (2048K), 2 survivors (2048K)
 Metaspace       used 88299K, committed 88896K, reserved 1179648K
  class space    used 12830K, committed 13120K, reserved 1048576K
GC Heap History (20 events):
Event: 13.858 GC heap after
{Heap after GC invocations=22 (full 0):
 garbage-first heap   total 100352K, used 49447K [0x000000008a600000, 0x0000000100000000)
  region size 1024K, 5 young (5120K), 5 survivors (5120K)
 Metaspace       used 80398K, committed 80960K, reserved 1179648K
  class space    used 11589K, committed 11840K, reserved 1048576K
}
Event: 14.147 GC heap before
{Heap before GC invocations=22 (full 0):
 garbage-first heap   total 100352K, used 82215K [0x000000008a600000, 0x0000000100000000)
  region size 1024K, 37 young (37888K), 5 survivors (5120K)
 Metaspace       used 82114K, committed 82688K, reserved 1179648K
  class space    used 11828K, committed 12096K, reserved 1048576K
}
Event: 14.151 GC heap after
{Heap after GC invocations=23 (full 0):
 garbage-first heap   total 100352K, used 51352K [0x000000008a600000, 0x0000000100000000)
  region size 1024K, 4 young (4096K), 4 survivors (4096K)
 Metaspace       used 82114K, committed 82688K, reserved 1179648K
  class space    used 11828K, committed 12096K, reserved 1048576K
}
Event: 14.381 GC heap before
{Heap before GC invocations=24 (full 0):
 garbage-first heap   total 100352K, used 83096K [0x000000008a600000, 0x0000000100000000)
  region size 1024K, 35 young (35840K), 4 survivors (4096K)
 Metaspace       used 82523K, committed 83136K, reserved 1179648K
  class space    used 11957K, committed 12224K, reserved 1048576K
}
Event: 14.385 GC heap after
{Heap after GC invocations=25 (full 0):
 garbage-first heap   total 100352K, used 52953K [0x000000008a600000, 0x0000000100000000)
  region size 1024K, 4 young (4096K), 4 survivors (4096K)
 Metaspace       used 82523K, committed 83136K, reserved 1179648K
  class space    used 11957K, committed 12224K, reserved 1048576K
}
Event: 14.394 GC heap before
{Heap before GC invocations=25 (full 0):
 garbage-first heap   total 100352K, used 53977K [0x000000008a600000, 0x0000000100000000)
  region size 1024K, 5 young (5120K), 4 survivors (4096K)
 Metaspace       used 82526K, committed 83136K, reserved 1179648K
  class space    used 11958K, committed 12224K, reserved 1048576K
}
Event: 14.397 GC heap after
{Heap after GC invocations=26 (full 0):
 garbage-first heap   total 100352K, used 52770K [0x000000008a600000, 0x0000000100000000)
  region size 1024K, 1 young (1024K), 1 survivors (1024K)
 Metaspace       used 82526K, committed 83136K, reserved 1179648K
  class space    used 11958K, committed 12224K, reserved 1048576K
}
Event: 16.656 GC heap before
{Heap before GC invocations=26 (full 0):
 garbage-first heap   total 100352K, used 83490K [0x000000008a600000, 0x0000000100000000)
  region size 1024K, 31 young (31744K), 1 survivors (1024K)
 Metaspace       used 83043K, committed 83648K, reserved 1179648K
  class space    used 12066K, committed 12352K, reserved 1048576K
}
Event: 16.658 GC heap after
{Heap after GC invocations=27 (full 0):
 garbage-first heap   total 100352K, used 53648K [0x000000008a600000, 0x0000000100000000)
  region size 1024K, 2 young (2048K), 2 survivors (2048K)
 Metaspace       used 83043K, committed 83648K, reserved 1179648K
  class space    used 12066K, committed 12352K, reserved 1048576K
}
Event: 16.928 GC heap before
{Heap before GC invocations=28 (full 0):
 garbage-first heap   total 100352K, used 83344K [0x000000008a600000, 0x0000000100000000)
  region size 1024K, 31 young (31744K), 2 survivors (2048K)
 Metaspace       used 84574K, committed 85120K, reserved 1179648K
  class space    used 12250K, committed 12480K, reserved 1048576K
}
Event: 16.931 GC heap after
{Heap after GC invocations=29 (full 0):
 garbage-first heap   total 100352K, used 55355K [0x000000008a600000, 0x0000000100000000)
  region size 1024K, 4 young (4096K), 4 survivors (4096K)
 Metaspace       used 84574K, committed 85120K, reserved 1179648K
  class space    used 12250K, committed 12480K, reserved 1048576K
}
Event: 16.948 GC heap before
{Heap before GC invocations=29 (full 0):
 garbage-first heap   total 100352K, used 56379K [0x000000008a600000, 0x0000000100000000)
  region size 1024K, 5 young (5120K), 4 survivors (4096K)
 Metaspace       used 84726K, committed 85312K, reserved 1179648K
  class space    used 12286K, committed 12544K, reserved 1048576K
}
Event: 16.951 GC heap after
{Heap after GC invocations=30 (full 0):
 garbage-first heap   total 100352K, used 55097K [0x000000008a600000, 0x0000000100000000)
  region size 1024K, 1 young (1024K), 1 survivors (1024K)
 Metaspace       used 84726K, committed 85312K, reserved 1179648K
  class space    used 12286K, committed 12544K, reserved 1048576K
}
Event: 17.188 GC heap before
{Heap before GC invocations=30 (full 0):
 garbage-first heap   total 100352K, used 83769K [0x000000008a600000, 0x0000000100000000)
  region size 1024K, 29 young (29696K), 1 survivors (1024K)
 Metaspace       used 85848K, committed 86464K, reserved 1179648K
  class space    used 12423K, committed 12736K, reserved 1048576K
}
Event: 17.190 GC heap after
{Heap after GC invocations=31 (full 0):
 garbage-first heap   total 100352K, used 56429K [0x000000008a600000, 0x0000000100000000)
  region size 1024K, 2 young (2048K), 2 survivors (2048K)
 Metaspace       used 85848K, committed 86464K, reserved 1179648K
  class space    used 12423K, committed 12736K, reserved 1048576K
}
Event: 18.814 GC heap before
{Heap before GC invocations=32 (full 0):
 garbage-first heap   total 101376K, used 84077K [0x000000008a600000, 0x0000000100000000)
  region size 1024K, 29 young (29696K), 2 survivors (2048K)
 Metaspace       used 86830K, committed 87424K, reserved 1179648K
  class space    used 12584K, committed 12864K, reserved 1048576K
}
Event: 18.817 GC heap after
{Heap after GC invocations=33 (full 0):
 garbage-first heap   total 101376K, used 57823K [0x000000008a600000, 0x0000000100000000)
  region size 1024K, 4 young (4096K), 4 survivors (4096K)
 Metaspace       used 86830K, committed 87424K, reserved 1179648K
  class space    used 12584K, committed 12864K, reserved 1048576K
}
Event: 18.828 GC heap before
{Heap before GC invocations=33 (full 0):
 garbage-first heap   total 101376K, used 58847K [0x000000008a600000, 0x0000000100000000)
  region size 1024K, 5 young (5120K), 4 survivors (4096K)
 Metaspace       used 86841K, committed 87488K, reserved 1179648K
  class space    used 12586K, committed 12864K, reserved 1048576K
}
Event: 18.831 GC heap after
{Heap after GC invocations=34 (full 0):
 garbage-first heap   total 101376K, used 57718K [0x000000008a600000, 0x0000000100000000)
  region size 1024K, 1 young (1024K), 1 survivors (1024K)
 Metaspace       used 86841K, committed 87488K, reserved 1179648K
  class space    used 12586K, committed 12864K, reserved 1048576K
}
Event: 20.751 GC heap before
{Heap before GC invocations=34 (full 0):
 garbage-first heap   total 101376K, used 84342K [0x000000008a600000, 0x0000000100000000)
  region size 1024K, 27 young (27648K), 1 survivors (1024K)
 Metaspace       used 88299K, committed 88896K, reserved 1179648K
  class space    used 12830K, committed 13120K, reserved 1048576K
}

